<?xml version="1.0" encoding="UTF-8"?>
<testsuite xmlns:xsi="http://www.w3.org/2001/XMLSchema-instance" xsi:noNamespaceSchemaLocation="https://maven.apache.org/surefire/maven-surefire-plugin/xsd/surefire-test-report.xsd" name="TestSuite" time="4.414" tests="2" errors="0" skipped="0" failures="0">
  <properties>
[...]
</properties>
  <testcase name="reqresSimpliLearnGet" classname="org.example.AppTest" time="2.711"/>
  <testcase name="reqresSimpliLearnPost" classname="org.example.AppTest" time="0.724"/>
</testsuite>